0 info it worked if it ends with ok
1 verbose cli [ '/home/talon/.nvm/versions/io.js/v2.0.0/bin/iojs',
1 verbose cli   '/home/talon/.nvm/versions/io.js/v2.0.0/bin/npm',
1 verbose cli   'run',
1 verbose cli   'test' ]
2 info using npm@2.9.0
3 info using node@v2.0.0
4 verbose run-script [ 'pretest', 'test', 'posttest' ]
5 info pretest downdoc@1.0.0
6 info test downdoc@1.0.0
7 verbose unsafe-perm in lifecycle true
8 info downdoc@1.0.0 Failed to exec test script
9 verbose stack Error: downdoc@1.0.0 test: `node test`
9 verbose stack Exit status 1
9 verbose stack     at EventEmitter.<anonymous> (/home/talon/.nvm/versions/io.js/v2.0.0/lib/node_modules/npm/lib/utils/lifecycle.js:213:16)
9 verbose stack     at emitTwo (events.js:87:13)
9 verbose stack     at EventEmitter.emit (events.js:169:7)
9 verbose stack     at ChildProcess.<anonymous> (/home/talon/.nvm/versions/io.js/v2.0.0/lib/node_modules/npm/lib/utils/spawn.js:24:14)
9 verbose stack     at emitTwo (events.js:87:13)
9 verbose stack     at ChildProcess.emit (events.js:169:7)
9 verbose stack     at maybeClose (child_process.js:953:16)
9 verbose stack     at Process.ChildProcess._handle.onexit (child_process.js:1020:5)
10 verbose pkgid downdoc@1.0.0
11 verbose cwd /home/talon/play/open-sores/downdoc
12 error Linux 4.1.2-2-ARCH
13 error argv "/home/talon/.nvm/versions/io.js/v2.0.0/bin/iojs" "/home/talon/.nvm/versions/io.js/v2.0.0/bin/npm" "run" "test"
14 error node v2.0.0
15 error npm  v2.9.0
16 error code ELIFECYCLE
17 error downdoc@1.0.0 test: `node test`
17 error Exit status 1
18 error Failed at the downdoc@1.0.0 test script 'node test'.
18 error This is most likely a problem with the downdoc package,
18 error not with npm itself.
18 error Tell the author that this fails on your system:
18 error     node test
18 error You can get their info via:
18 error     npm owner ls downdoc
18 error There is likely additional logging output above.
19 verbose exit [ 1, true ]
